images/[Shiniori-Raws] PriPara - 73 (BD 1280x720 x264 10bit AAC)-00h18m34s155t.png
images/KV1_ol_TW1000.png
images/[Scarlet-Subs] Idol Land PriPara - S01E05 - (Game-rip 720p VP9 FLAC) [8E7E14BF]-00h07m10s917t.png
images/Pripara S2E13_001_1602.png
images/Pripara S2E40-00h11m02s537t.png
images/sticker (62).png
images/Pripara S2E48-00h14m48s346t.png
images/sticker (64).png
images/kaitou_genius.jpg
images/[Piyoko-Raws] Idol Land Pripara - 05 [BE9A0896]_001_18011.png
images/phantom thief coord - game ver.png
images/resize_image.jpg
images/PriPara S3E19-00h11m55s006t.png
images/[Shiniori-Raws] PriPara - 73 (BD 1280x720 x264 10bit AAC)-00h21m10s019t.png
images/[Shiniori-Raws] PriPara - 73 (BD 1280x720 x264 10bit AAC)-00h16m11s804t.png
images/[Shiniori-Raws] Idol Time Pripara - 22 (BD 1280x720 x264 10bit AAC)-00h17m11s113t.png
images/Pripara S2E51-00h05m37s212t.png
images/[DBD-Raws][美妙天堂 第二季][34][1080P][BDRip][HEVC-10bit][FLAC]_002_7131.png
images/KV1_ol_TW1000.jpg
images/Pripara S2E20-00h17m52s238t.png
images/Pripara S2E51-00h14m12s602t.png
images/Pripara S2E29-00h04m07s539t.png
images/sticker (63).png
images/PriPara S3E25-00h19m32s380t.png
images/[Shiniori-Raws] PriPara - 73 (BD 1280x720 x264 10bit AAC)-00h15m22s171t.png
images/image_proxy.jpg
images/[MiG_MuX] Pripara NCOP - 07 -00h00m52s594t.png
images/PriPara S3E19-00h07m38s750t.png
images/Pripara S2E40-00h11m21s055t.png
images/[Shiniori-Raws] Idol Time Pripara - 22 (BD 1280x720 x264 10bit AAC)-00h16m08s968t.png
images/Pripara S2E48-00h14m57s271t.png
